[01m[K/home/asl-ss-guna/catkin_ws/src/iiwa_stack/iiwa_ros/src/service/path_parameters.cpp:[m[K In member function ‘[01m[Kbool iiwa_ros::service::PathParametersService::setSmartServoJointSpeedLimits(double, double)[m[K’:
[01m[K/home/asl-ss-guna/catkin_ws/src/iiwa_stack/iiwa_ros/src/service/path_parameters.cpp:73:1:[m[K [01;35m[Kwarning: [m[Kno return statement in function returning non-void [[01;35m[K-Wreturn-type[m[K]
   73 | [01;35m[K}[m[K
      | [01;35m[K^[m[K
[01m[K/home/asl-ss-guna/catkin_ws/src/iiwa_stack/iiwa_ros/src/service/path_parameters.cpp:[m[K In member function ‘[01m[Kbool iiwa_ros::service::PathParametersService::setJointVelocity(double)[m[K’:
[01m[K/home/asl-ss-guna/catkin_ws/src/iiwa_stack/iiwa_ros/src/service/path_parameters.cpp:77:1:[m[K [01;35m[Kwarning: [m[Kno return statement in function returning non-void [[01;35m[K-Wreturn-type[m[K]
   77 | [01;35m[K}[m[K
      | [01;35m[K^[m[K
[01m[K/home/asl-ss-guna/catkin_ws/src/iiwa_stack/iiwa_ros/src/service/path_parameters.cpp:[m[K In member function ‘[01m[Kbool iiwa_ros::service::PathParametersService::setJointAcceleration(double)[m[K’:
[01m[K/home/asl-ss-guna/catkin_ws/src/iiwa_stack/iiwa_ros/src/service/path_parameters.cpp:81:1:[m[K [01;35m[Kwarning: [m[Kno return statement in function returning non-void [[01;35m[K-Wreturn-type[m[K]
   81 | [01;35m[K}[m[K
      | [01;35m[K^[m[K
[01m[K/home/asl-ss-guna/catkin_ws/src/iiwa_stack/iiwa_ros/src/service/path_parameters.cpp:[m[K In member function ‘[01m[Kbool iiwa_ros::service::PathParametersService::setOverrideJointAcceleration(double)[m[K’:
[01m[K/home/asl-ss-guna/catkin_ws/src/iiwa_stack/iiwa_ros/src/service/path_parameters.cpp:85:1:[m[K [01;35m[Kwarning: [m[Kno return statement in function returning non-void [[01;35m[K-Wreturn-type[m[K]
   85 | [01;35m[K}[m[K
      | [01;35m[K^[m[K
[01m[K/home/asl-ss-guna/catkin_ws/src/iiwa_stack/iiwa_ros/src/service/control_mode.cpp:[m[K In member function ‘[01m[Kbool iiwa_ros::service::ControlModeService::setJointImpedanceMode(double, double)[m[K’:
[01m[K/home/asl-ss-guna/catkin_ws/src/iiwa_stack/iiwa_ros/src/service/control_mode.cpp:136:1:[m[K [01;35m[Kwarning: [m[Kno return statement in function returning non-void [[01;35m[K-Wreturn-type[m[K]
  136 | [01;35m[K}[m[K
      | [01;35m[K^[m[K
[01m[K/home/asl-ss-guna/catkin_ws/src/iiwa_stack/iiwa_ros/src/service/control_mode.cpp:[m[K In member function ‘[01m[Kbool iiwa_ros::service::ControlModeService::setCartesianImpedanceMode(const CartesianQuantity&, const CartesianQuantity&, double, double)[m[K’:
[01m[K/home/asl-ss-guna/catkin_ws/src/iiwa_stack/iiwa_ros/src/service/control_mode.cpp:156:1:[m[K [01;35m[Kwarning: [m[Kno return statement in function returning non-void [[01;35m[K-Wreturn-type[m[K]
  156 | [01;35m[K}[m[K
      | [01;35m[K^[m[K
[01m[K/home/asl-ss-guna/catkin_ws/src/iiwa_stack/iiwa_ros/src/service/control_mode.cpp:[m[K In member function ‘[01m[Kbool iiwa_ros::service::ControlModeService::setCartesianImpedanceMode(const CartesianQuantity&, const CartesianQuantity&)[m[K’:
[01m[K/home/asl-ss-guna/catkin_ws/src/iiwa_stack/iiwa_ros/src/service/control_mode.cpp:163:1:[m[K [01;35m[Kwarning: [m[Kno return statement in function returning non-void [[01;35m[K-Wreturn-type[m[K]
  163 | [01;35m[K}[m[K
      | [01;35m[K^[m[K
[01m[K/home/asl-ss-guna/catkin_ws/src/iiwa_stack/iiwa_ros/src/service/control_mode.cpp:[m[K In member function ‘[01m[Kbool iiwa_ros::service::ControlModeService::setCartesianImpedanceMode(const CartesianQuantity&, const CartesianQuantity&, const CartesianQuantity&, const CartesianQuantity&, const CartesianQuantity&, bool)[m[K’:
[01m[K/home/asl-ss-guna/catkin_ws/src/iiwa_stack/iiwa_ros/src/service/control_mode.cpp:173:1:[m[K [01;35m[Kwarning: [m[Kno return statement in function returning non-void [[01;35m[K-Wreturn-type[m[K]
  173 | [01;35m[K}[m[K
      | [01;35m[K^[m[K
[01m[K/home/asl-ss-guna/catkin_ws/src/iiwa_stack/iiwa_ros/src/service/control_mode.cpp:[m[K In member function ‘[01m[Kbool iiwa_ros::service::ControlModeService::setDesiredForceMode(int, double, double)[m[K’:
[01m[K/home/asl-ss-guna/catkin_ws/src/iiwa_stack/iiwa_ros/src/service/control_mode.cpp:190:1:[m[K [01;35m[Kwarning: [m[Kno return statement in function returning non-void [[01;35m[K-Wreturn-type[m[K]
  190 | [01;35m[K}[m[K
      | [01;35m[K^[m[K
[01m[K/home/asl-ss-guna/catkin_ws/src/iiwa_stack/iiwa_ros/src/service/control_mode.cpp:[m[K In member function ‘[01m[Kbool iiwa_ros::service::ControlModeService::setSinePatternmode(int, double, double, double)[m[K’:
[01m[K/home/asl-ss-guna/catkin_ws/src/iiwa_stack/iiwa_ros/src/service/control_mode.cpp:207:1:[m[K [01;35m[Kwarning: [m[Kno return statement in function returning non-void [[01;35m[K-Wreturn-type[m[K]
  207 | [01;35m[K}[m[K
      | [01;35m[K^[m[K
[01m[K/home/asl-ss-guna/catkin_ws/src/iiwa_stack/iiwa_ros/src/service/path_parameters_lin.cpp:[m[K In member function ‘[01m[Kbool iiwa_ros::service::PathParametersLinService::setMaxCartesianVelocity(geometry_msgs::Twist)[m[K’:
[01m[K/home/asl-ss-guna/catkin_ws/src/iiwa_stack/iiwa_ros/src/service/path_parameters_lin.cpp:63:1:[m[K [01;35m[Kwarning: [m[Kno return statement in function returning non-void [[01;35m[K-Wreturn-type[m[K]
   63 | [01;35m[K}[m[K
      | [01;35m[K^[m[K
[01m[K/home/asl-ss-guna/catkin_ws/src/iiwa_stack/iiwa_ros/src/service/control_mode.cpp:[m[K In member function ‘[01m[Kvirtual bool iiwa_ros::service::ControlModeService::callService()[m[K’:
[01m[K/home/asl-ss-guna/catkin_ws/src/iiwa_stack/iiwa_ros/src/service/control_mode.cpp:61:1:[m[K [01;35m[Kwarning: [m[Kcontrol reaches end of non-void function [[01;35m[K-Wreturn-type[m[K]
   61 | [01;35m[K}[m[K
      | [01;35m[K^[m[K
[01m[K/home/asl-ss-guna/catkin_ws/src/iiwa_stack/iiwa_ros/src/service/path_parameters.cpp:[m[K In member function ‘[01m[Kvirtual bool iiwa_ros::service::PathParametersService::callService()[m[K’:
[01m[K/home/asl-ss-guna/catkin_ws/src/iiwa_stack/iiwa_ros/src/service/path_parameters.cpp:59:1:[m[K [01;35m[Kwarning: [m[Kcontrol reaches end of non-void function [[01;35m[K-Wreturn-type[m[K]
   59 | [01;35m[K}[m[K
      | [01;35m[K^[m[K
[01m[K/home/asl-ss-guna/catkin_ws/src/iiwa_stack/iiwa_ros/src/service/time_to_destination.cpp:[m[K In member function ‘[01m[Kdouble iiwa_ros::service::TimeToDestinationService::getTimeToDestination()[m[K’:
[01m[K/home/asl-ss-guna/catkin_ws/src/iiwa_stack/iiwa_ros/src/service/time_to_destination.cpp:53:1:[m[K [01;35m[Kwarning: [m[Kcontrol reaches end of non-void function [[01;35m[K-Wreturn-type[m[K]
   53 | [01;35m[K}[m[K
      | [01;35m[K^[m[K
[01m[K/home/asl-ss-guna/catkin_ws/src/iiwa_stack/iiwa_ros/src/service/path_parameters_lin.cpp:[m[K In member function ‘[01m[Kvirtual bool iiwa_ros::service::PathParametersLinService::callService()[m[K’:
[01m[K/home/asl-ss-guna/catkin_ws/src/iiwa_stack/iiwa_ros/src/service/path_parameters_lin.cpp:59:1:[m[K [01;35m[Kwarning: [m[Kcontrol reaches end of non-void function [[01;35m[K-Wreturn-type[m[K]
   59 | [01;35m[K}[m[K
      | [01;35m[K^[m[K
