Linked: (/home/asl-ss-guna/catkin_ws/devel/.private/robotiq_msgs/include/robotiq_msgs/CModelCommandGoal.h, /home/asl-ss-guna/catkin_ws/devel/include/robotiq_msgs/CModelCommandGoal.h)
Linked: (/home/asl-ss-guna/catkin_ws/devel/.private/robotiq_msgs/include/robotiq_msgs/CModelCommandActionResult.h, /home/asl-ss-guna/catkin_ws/devel/include/robotiq_msgs/CModelCommandActionResult.h)
Linked: (/home/asl-ss-guna/catkin_ws/devel/.private/robotiq_msgs/include/robotiq_msgs/CModelStatus.h, /home/asl-ss-guna/catkin_ws/devel/include/robotiq_msgs/CModelStatus.h)
Linked: (/home/asl-ss-guna/catkin_ws/devel/.private/robotiq_msgs/include/robotiq_msgs/CModelCommandActionFeedback.h, /home/asl-ss-guna/catkin_ws/devel/include/robotiq_msgs/CModelCommandActionFeedback.h)
Linked: (/home/asl-ss-guna/catkin_ws/devel/.private/robotiq_msgs/include/robotiq_msgs/CModelCommandFeedback.h, /home/asl-ss-guna/catkin_ws/devel/include/robotiq_msgs/CModelCommandFeedback.h)
Linked: (/home/asl-ss-guna/catkin_ws/devel/.private/robotiq_msgs/include/robotiq_msgs/CModelCommandResult.h, /home/asl-ss-guna/catkin_ws/devel/include/robotiq_msgs/CModelCommandResult.h)
Linked: (/home/asl-ss-guna/catkin_ws/devel/.private/robotiq_msgs/include/robotiq_msgs/CModelCommandActionGoal.h, /home/asl-ss-guna/catkin_ws/devel/include/robotiq_msgs/CModelCommandActionGoal.h)
Linked: (/home/asl-ss-guna/catkin_ws/devel/.private/robotiq_msgs/include/robotiq_msgs/CModelCommandAction.h, /home/asl-ss-guna/catkin_ws/devel/include/robotiq_msgs/CModelCommandAction.h)
Linked: (/home/asl-ss-guna/catkin_ws/devel/.private/robotiq_msgs/include/robotiq_msgs/CModelCommand.h, /home/asl-ss-guna/catkin_ws/devel/include/robotiq_msgs/CModelCommand.h)
Linked: (/home/asl-ss-guna/catkin_ws/devel/.private/robotiq_msgs/share/robotiq_msgs/cmake/robotiq_msgs-msg-paths.cmake, /home/asl-ss-guna/catkin_ws/devel/share/robotiq_msgs/cmake/robotiq_msgs-msg-paths.cmake)
Linked: (/home/asl-ss-guna/catkin_ws/devel/.private/robotiq_msgs/share/robotiq_msgs/cmake/robotiq_msgsConfig-version.cmake, /home/asl-ss-guna/catkin_ws/devel/share/robotiq_msgs/cmake/robotiq_msgsConfig-version.cmake)
Linked: (/home/asl-ss-guna/catkin_ws/devel/.private/robotiq_msgs/share/robotiq_msgs/cmake/robotiq_msgsConfig.cmake, /home/asl-ss-guna/catkin_ws/devel/share/robotiq_msgs/cmake/robotiq_msgsConfig.cmake)
Linked: (/home/asl-ss-guna/catkin_ws/devel/.private/robotiq_msgs/share/robotiq_msgs/cmake/robotiq_msgs-msg-extras.cmake, /home/asl-ss-guna/catkin_ws/devel/share/robotiq_msgs/cmake/robotiq_msgs-msg-extras.cmake)
Linked: (/home/asl-ss-guna/catkin_ws/devel/.private/robotiq_msgs/share/robotiq_msgs/msg/CModelCommandAction.msg, /home/asl-ss-guna/catkin_ws/devel/share/robotiq_msgs/msg/CModelCommandAction.msg)
Linked: (/home/asl-ss-guna/catkin_ws/devel/.private/robotiq_msgs/share/robotiq_msgs/msg/CModelCommandActionGoal.msg, /home/asl-ss-guna/catkin_ws/devel/share/robotiq_msgs/msg/CModelCommandActionGoal.msg)
Linked: (/home/asl-ss-guna/catkin_ws/devel/.private/robotiq_msgs/share/robotiq_msgs/msg/CModelCommandActionResult.msg, /home/asl-ss-guna/catkin_ws/devel/share/robotiq_msgs/msg/CModelCommandActionResult.msg)
Linked: (/home/asl-ss-guna/catkin_ws/devel/.private/robotiq_msgs/share/robotiq_msgs/msg/CModelCommandFeedback.msg, /home/asl-ss-guna/catkin_ws/devel/share/robotiq_msgs/msg/CModelCommandFeedback.msg)
Linked: (/home/asl-ss-guna/catkin_ws/devel/.private/robotiq_msgs/share/robotiq_msgs/msg/CModelCommandActionFeedback.msg, /home/asl-ss-guna/catkin_ws/devel/share/robotiq_msgs/msg/CModelCommandActionFeedback.msg)
Linked: (/home/asl-ss-guna/catkin_ws/devel/.private/robotiq_msgs/share/robotiq_msgs/msg/CModelCommandGoal.msg, /home/asl-ss-guna/catkin_ws/devel/share/robotiq_msgs/msg/CModelCommandGoal.msg)
Linked: (/home/asl-ss-guna/catkin_ws/devel/.private/robotiq_msgs/share/robotiq_msgs/msg/CModelCommandResult.msg, /home/asl-ss-guna/catkin_ws/devel/share/robotiq_msgs/msg/CModelCommandResult.msg)
Linked: (/home/asl-ss-guna/catkin_ws/devel/.private/robotiq_msgs/share/roseus/ros/robotiq_msgs/manifest.l, /home/asl-ss-guna/catkin_ws/devel/share/roseus/ros/robotiq_msgs/manifest.l)
Linked: (/home/asl-ss-guna/catkin_ws/devel/.private/robotiq_msgs/share/roseus/ros/robotiq_msgs/msg/CModelCommandActionFeedback.l, /home/asl-ss-guna/catkin_ws/devel/share/roseus/ros/robotiq_msgs/msg/CModelCommandActionFeedback.l)
Linked: (/home/asl-ss-guna/catkin_ws/devel/.private/robotiq_msgs/share/roseus/ros/robotiq_msgs/msg/CModelCommand.l, /home/asl-ss-guna/catkin_ws/devel/share/roseus/ros/robotiq_msgs/msg/CModelCommand.l)
Linked: (/home/asl-ss-guna/catkin_ws/devel/.private/robotiq_msgs/share/roseus/ros/robotiq_msgs/msg/CModelCommandActionResult.l, /home/asl-ss-guna/catkin_ws/devel/share/roseus/ros/robotiq_msgs/msg/CModelCommandActionResult.l)
Linked: (/home/asl-ss-guna/catkin_ws/devel/.private/robotiq_msgs/share/roseus/ros/robotiq_msgs/msg/CModelStatus.l, /home/asl-ss-guna/catkin_ws/devel/share/roseus/ros/robotiq_msgs/msg/CModelStatus.l)
Linked: (/home/asl-ss-guna/catkin_ws/devel/.private/robotiq_msgs/share/roseus/ros/robotiq_msgs/msg/CModelCommandActionGoal.l, /home/asl-ss-guna/catkin_ws/devel/share/roseus/ros/robotiq_msgs/msg/CModelCommandActionGoal.l)
Linked: (/home/asl-ss-guna/catkin_ws/devel/.private/robotiq_msgs/share/roseus/ros/robotiq_msgs/msg/CModelCommandFeedback.l, /home/asl-ss-guna/catkin_ws/devel/share/roseus/ros/robotiq_msgs/msg/CModelCommandFeedback.l)
Linked: (/home/asl-ss-guna/catkin_ws/devel/.private/robotiq_msgs/share/roseus/ros/robotiq_msgs/msg/CModelCommandResult.l, /home/asl-ss-guna/catkin_ws/devel/share/roseus/ros/robotiq_msgs/msg/CModelCommandResult.l)
Linked: (/home/asl-ss-guna/catkin_ws/devel/.private/robotiq_msgs/share/roseus/ros/robotiq_msgs/msg/CModelCommandAction.l, /home/asl-ss-guna/catkin_ws/devel/share/roseus/ros/robotiq_msgs/msg/CModelCommandAction.l)
Linked: (/home/asl-ss-guna/catkin_ws/devel/.private/robotiq_msgs/share/roseus/ros/robotiq_msgs/msg/CModelCommandGoal.l, /home/asl-ss-guna/catkin_ws/devel/share/roseus/ros/robotiq_msgs/msg/CModelCommandGoal.l)
Linked: (/home/asl-ss-guna/catkin_ws/devel/.private/robotiq_msgs/share/common-lisp/ros/robotiq_msgs/msg/_package_CModelCommandGoal.lisp, /home/asl-ss-guna/catkin_ws/devel/share/common-lisp/ros/robotiq_msgs/msg/_package_CModelCommandGoal.lisp)
Linked: (/home/asl-ss-guna/catkin_ws/devel/.private/robotiq_msgs/share/common-lisp/ros/robotiq_msgs/msg/CModelCommandResult.lisp, /home/asl-ss-guna/catkin_ws/devel/share/common-lisp/ros/robotiq_msgs/msg/CModelCommandResult.lisp)
Linked: (/home/asl-ss-guna/catkin_ws/devel/.private/robotiq_msgs/share/common-lisp/ros/robotiq_msgs/msg/_package_CModelCommandResult.lisp, /home/asl-ss-guna/catkin_ws/devel/share/common-lisp/ros/robotiq_msgs/msg/_package_CModelCommandResult.lisp)
Linked: (/home/asl-ss-guna/catkin_ws/devel/.private/robotiq_msgs/share/common-lisp/ros/robotiq_msgs/msg/CModelCommand.lisp, /home/asl-ss-guna/catkin_ws/devel/share/common-lisp/ros/robotiq_msgs/msg/CModelCommand.lisp)
Linked: (/home/asl-ss-guna/catkin_ws/devel/.private/robotiq_msgs/share/common-lisp/ros/robotiq_msgs/msg/CModelCommandGoal.lisp, /home/asl-ss-guna/catkin_ws/devel/share/common-lisp/ros/robotiq_msgs/msg/CModelCommandGoal.lisp)
Linked: (/home/asl-ss-guna/catkin_ws/devel/.private/robotiq_msgs/share/common-lisp/ros/robotiq_msgs/msg/_package_CModelCommandActionGoal.lisp, /home/asl-ss-guna/catkin_ws/devel/share/common-lisp/ros/robotiq_msgs/msg/_package_CModelCommandActionGoal.lisp)
Linked: (/home/asl-ss-guna/catkin_ws/devel/.private/robotiq_msgs/share/common-lisp/ros/robotiq_msgs/msg/_package_CModelCommandActionFeedback.lisp, /home/asl-ss-guna/catkin_ws/devel/share/common-lisp/ros/robotiq_msgs/msg/_package_CModelCommandActionFeedback.lisp)
Linked: (/home/asl-ss-guna/catkin_ws/devel/.private/robotiq_msgs/share/common-lisp/ros/robotiq_msgs/msg/_package.lisp, /home/asl-ss-guna/catkin_ws/devel/share/common-lisp/ros/robotiq_msgs/msg/_package.lisp)
Linked: (/home/asl-ss-guna/catkin_ws/devel/.private/robotiq_msgs/share/common-lisp/ros/robotiq_msgs/msg/_package_CModelCommandActionResult.lisp, /home/asl-ss-guna/catkin_ws/devel/share/common-lisp/ros/robotiq_msgs/msg/_package_CModelCommandActionResult.lisp)
Linked: (/home/asl-ss-guna/catkin_ws/devel/.private/robotiq_msgs/share/common-lisp/ros/robotiq_msgs/msg/robotiq_msgs-msg.asd, /home/asl-ss-guna/catkin_ws/devel/share/common-lisp/ros/robotiq_msgs/msg/robotiq_msgs-msg.asd)
Linked: (/home/asl-ss-guna/catkin_ws/devel/.private/robotiq_msgs/share/common-lisp/ros/robotiq_msgs/msg/CModelCommandActionGoal.lisp, /home/asl-ss-guna/catkin_ws/devel/share/common-lisp/ros/robotiq_msgs/msg/CModelCommandActionGoal.lisp)
Linked: (/home/asl-ss-guna/catkin_ws/devel/.private/robotiq_msgs/share/common-lisp/ros/robotiq_msgs/msg/_package_CModelStatus.lisp, /home/asl-ss-guna/catkin_ws/devel/share/common-lisp/ros/robotiq_msgs/msg/_package_CModelStatus.lisp)
Linked: (/home/asl-ss-guna/catkin_ws/devel/.private/robotiq_msgs/share/common-lisp/ros/robotiq_msgs/msg/_package_CModelCommand.lisp, /home/asl-ss-guna/catkin_ws/devel/share/common-lisp/ros/robotiq_msgs/msg/_package_CModelCommand.lisp)
Linked: (/home/asl-ss-guna/catkin_ws/devel/.private/robotiq_msgs/share/common-lisp/ros/robotiq_msgs/msg/CModelStatus.lisp, /home/asl-ss-guna/catkin_ws/devel/share/common-lisp/ros/robotiq_msgs/msg/CModelStatus.lisp)
Linked: (/home/asl-ss-guna/catkin_ws/devel/.private/robotiq_msgs/share/common-lisp/ros/robotiq_msgs/msg/CModelCommandActionFeedback.lisp, /home/asl-ss-guna/catkin_ws/devel/share/common-lisp/ros/robotiq_msgs/msg/CModelCommandActionFeedback.lisp)
Linked: (/home/asl-ss-guna/catkin_ws/devel/.private/robotiq_msgs/share/common-lisp/ros/robotiq_msgs/msg/CModelCommandAction.lisp, /home/asl-ss-guna/catkin_ws/devel/share/common-lisp/ros/robotiq_msgs/msg/CModelCommandAction.lisp)
Linked: (/home/asl-ss-guna/catkin_ws/devel/.private/robotiq_msgs/share/common-lisp/ros/robotiq_msgs/msg/_package_CModelCommandFeedback.lisp, /home/asl-ss-guna/catkin_ws/devel/share/common-lisp/ros/robotiq_msgs/msg/_package_CModelCommandFeedback.lisp)
Linked: (/home/asl-ss-guna/catkin_ws/devel/.private/robotiq_msgs/share/common-lisp/ros/robotiq_msgs/msg/CModelCommandActionResult.lisp, /home/asl-ss-guna/catkin_ws/devel/share/common-lisp/ros/robotiq_msgs/msg/CModelCommandActionResult.lisp)
Linked: (/home/asl-ss-guna/catkin_ws/devel/.private/robotiq_msgs/share/common-lisp/ros/robotiq_msgs/msg/_package_CModelCommandAction.lisp, /home/asl-ss-guna/catkin_ws/devel/share/common-lisp/ros/robotiq_msgs/msg/_package_CModelCommandAction.lisp)
Linked: (/home/asl-ss-guna/catkin_ws/devel/.private/robotiq_msgs/share/common-lisp/ros/robotiq_msgs/msg/CModelCommandFeedback.lisp, /home/asl-ss-guna/catkin_ws/devel/share/common-lisp/ros/robotiq_msgs/msg/CModelCommandFeedback.lisp)
Linked: (/home/asl-ss-guna/catkin_ws/devel/.private/robotiq_msgs/share/gennodejs/ros/robotiq_msgs/_index.js, /home/asl-ss-guna/catkin_ws/devel/share/gennodejs/ros/robotiq_msgs/_index.js)
Linked: (/home/asl-ss-guna/catkin_ws/devel/.private/robotiq_msgs/share/gennodejs/ros/robotiq_msgs/msg/CModelStatus.js, /home/asl-ss-guna/catkin_ws/devel/share/gennodejs/ros/robotiq_msgs/msg/CModelStatus.js)
Linked: (/home/asl-ss-guna/catkin_ws/devel/.private/robotiq_msgs/share/gennodejs/ros/robotiq_msgs/msg/CModelCommandActionGoal.js, /home/asl-ss-guna/catkin_ws/devel/share/gennodejs/ros/robotiq_msgs/msg/CModelCommandActionGoal.js)
Linked: (/home/asl-ss-guna/catkin_ws/devel/.private/robotiq_msgs/share/gennodejs/ros/robotiq_msgs/msg/CModelCommandGoal.js, /home/asl-ss-guna/catkin_ws/devel/share/gennodejs/ros/robotiq_msgs/msg/CModelCommandGoal.js)
Linked: (/home/asl-ss-guna/catkin_ws/devel/.private/robotiq_msgs/share/gennodejs/ros/robotiq_msgs/msg/CModelCommandActionResult.js, /home/asl-ss-guna/catkin_ws/devel/share/gennodejs/ros/robotiq_msgs/msg/CModelCommandActionResult.js)
Linked: (/home/asl-ss-guna/catkin_ws/devel/.private/robotiq_msgs/share/gennodejs/ros/robotiq_msgs/msg/CModelCommand.js, /home/asl-ss-guna/catkin_ws/devel/share/gennodejs/ros/robotiq_msgs/msg/CModelCommand.js)
Linked: (/home/asl-ss-guna/catkin_ws/devel/.private/robotiq_msgs/share/gennodejs/ros/robotiq_msgs/msg/CModelCommandActionFeedback.js, /home/asl-ss-guna/catkin_ws/devel/share/gennodejs/ros/robotiq_msgs/msg/CModelCommandActionFeedback.js)
Linked: (/home/asl-ss-guna/catkin_ws/devel/.private/robotiq_msgs/share/gennodejs/ros/robotiq_msgs/msg/CModelCommandAction.js, /home/asl-ss-guna/catkin_ws/devel/share/gennodejs/ros/robotiq_msgs/msg/CModelCommandAction.js)
Linked: (/home/asl-ss-guna/catkin_ws/devel/.private/robotiq_msgs/share/gennodejs/ros/robotiq_msgs/msg/CModelCommandResult.js, /home/asl-ss-guna/catkin_ws/devel/share/gennodejs/ros/robotiq_msgs/msg/CModelCommandResult.js)
Linked: (/home/asl-ss-guna/catkin_ws/devel/.private/robotiq_msgs/share/gennodejs/ros/robotiq_msgs/msg/CModelCommandFeedback.js, /home/asl-ss-guna/catkin_ws/devel/share/gennodejs/ros/robotiq_msgs/msg/CModelCommandFeedback.js)
Linked: (/home/asl-ss-guna/catkin_ws/devel/.private/robotiq_msgs/share/gennodejs/ros/robotiq_msgs/msg/_index.js, /home/asl-ss-guna/catkin_ws/devel/share/gennodejs/ros/robotiq_msgs/msg/_index.js)
Linked: (/home/asl-ss-guna/catkin_ws/devel/.private/robotiq_msgs/lib/python3/dist-packages/robotiq_msgs/__init__.py, /home/asl-ss-guna/catkin_ws/devel/lib/python3/dist-packages/robotiq_msgs/__init__.py)
Linked: (/home/asl-ss-guna/catkin_ws/devel/.private/robotiq_msgs/lib/python3/dist-packages/robotiq_msgs/msg/_CModelStatus.py, /home/asl-ss-guna/catkin_ws/devel/lib/python3/dist-packages/robotiq_msgs/msg/_CModelStatus.py)
Linked: (/home/asl-ss-guna/catkin_ws/devel/.private/robotiq_msgs/lib/python3/dist-packages/robotiq_msgs/msg/_CModelCommandActionGoal.py, /home/asl-ss-guna/catkin_ws/devel/lib/python3/dist-packages/robotiq_msgs/msg/_CModelCommandActionGoal.py)
Linked: (/home/asl-ss-guna/catkin_ws/devel/.private/robotiq_msgs/lib/python3/dist-packages/robotiq_msgs/msg/_CModelCommandResult.py, /home/asl-ss-guna/catkin_ws/devel/lib/python3/dist-packages/robotiq_msgs/msg/_CModelCommandResult.py)
Linked: (/home/asl-ss-guna/catkin_ws/devel/.private/robotiq_msgs/lib/python3/dist-packages/robotiq_msgs/msg/_CModelCommand.py, /home/asl-ss-guna/catkin_ws/devel/lib/python3/dist-packages/robotiq_msgs/msg/_CModelCommand.py)
Linked: (/home/asl-ss-guna/catkin_ws/devel/.private/robotiq_msgs/lib/python3/dist-packages/robotiq_msgs/msg/_CModelCommandFeedback.py, /home/asl-ss-guna/catkin_ws/devel/lib/python3/dist-packages/robotiq_msgs/msg/_CModelCommandFeedback.py)
Linked: (/home/asl-ss-guna/catkin_ws/devel/.private/robotiq_msgs/lib/python3/dist-packages/robotiq_msgs/msg/__init__.py, /home/asl-ss-guna/catkin_ws/devel/lib/python3/dist-packages/robotiq_msgs/msg/__init__.py)
Linked: (/home/asl-ss-guna/catkin_ws/devel/.private/robotiq_msgs/lib/python3/dist-packages/robotiq_msgs/msg/_CModelCommandActionFeedback.py, /home/asl-ss-guna/catkin_ws/devel/lib/python3/dist-packages/robotiq_msgs/msg/_CModelCommandActionFeedback.py)
Linked: (/home/asl-ss-guna/catkin_ws/devel/.private/robotiq_msgs/lib/python3/dist-packages/robotiq_msgs/msg/_CModelCommandAction.py, /home/asl-ss-guna/catkin_ws/devel/lib/python3/dist-packages/robotiq_msgs/msg/_CModelCommandAction.py)
Linked: (/home/asl-ss-guna/catkin_ws/devel/.private/robotiq_msgs/lib/python3/dist-packages/robotiq_msgs/msg/_CModelCommandActionResult.py, /home/asl-ss-guna/catkin_ws/devel/lib/python3/dist-packages/robotiq_msgs/msg/_CModelCommandActionResult.py)
Linked: (/home/asl-ss-guna/catkin_ws/devel/.private/robotiq_msgs/lib/python3/dist-packages/robotiq_msgs/msg/_CModelCommandGoal.py, /home/asl-ss-guna/catkin_ws/devel/lib/python3/dist-packages/robotiq_msgs/msg/_CModelCommandGoal.py)
Linked: (/home/asl-ss-guna/catkin_ws/devel/.private/robotiq_msgs/lib/pkgconfig/robotiq_msgs.pc, /home/asl-ss-guna/catkin_ws/devel/lib/pkgconfig/robotiq_msgs.pc)
