[  0%] Built target actionlib_msgs_generate_messages_py
[  0%] Built target control_msgs_generate_messages_nodejs
[  0%] Built target actionlib_msgs_generate_messages_nodejs
[  0%] Built target control_msgs_generate_messages_lisp
[  0%] Built target actionlib_msgs_generate_messages_lisp
[  0%] Built target control_msgs_generate_messages_eus
[  0%] Built target actionlib_msgs_generate_messages_cpp
[  0%] Built target control_msgs_generate_messages_py
[  0%] Built target actionlib_msgs_generate_messages_eus
[  0%] Built target control_msgs_generate_messages_cpp
[  0%] Built target _robotiq_msgs_generate_messages_check_deps_CModelCommandResult
[  0%] Built target _robotiq_msgs_generate_messages_check_deps_CModelCommandFeedback
[  0%] Built target _robotiq_msgs_generate_messages_check_deps_CModelCommandActionResult
[  0%] Built target _robotiq_msgs_generate_messages_check_deps_CModelStatus
[  0%] Built target _robotiq_msgs_generate_messages_check_deps_CModelCommandAction
[  0%] Built target _robotiq_msgs_generate_messages_check_deps_CModelCommandActionFeedback
[  0%] Built target _robotiq_msgs_generate_messages_check_deps_CModelCommand
[  0%] Built target _robotiq_msgs_generate_messages_check_deps_CModelCommandActionGoal
[  0%] Built target _robotiq_msgs_generate_messages_check_deps_CModelCommandGoal
[ 74%] Built target robotiq_msgs_generate_messages_nodejs
[ 74%] Built target robotiq_msgs_generate_messages_cpp
[ 80%] Built target robotiq_msgs_generate_messages_eus
[ 80%] Built target robotiq_msgs_generate_messages_py
[100%] Built target robotiq_msgs_generate_messages_lisp
[100%] Built target robotiq_msgs_generate_messages
